[Sat 13 May 17:55:43 2023][legendary.nvim] Took 3.793375 ms to filter items in context.
[Sat 13 May 17:55:43 2023][legendary.nvim] Config.sort.frecency is enabled, but sqlite is not available or database could not be opened, frecency is automatically disabled.
[Sat 13 May 17:55:43 2023][legendary.nvim] Launching select UI
[Sat 13 May 17:55:38 2023][legendary.nvim] Took 2.260666 ms to filter items in context.
[Sat 13 May 17:55:38 2023][legendary.nvim] Config.sort.frecency is enabled, but sqlite is not available or database could not be opened, frecency is automatically disabled.
[Sat 13 May 17:55:38 2023][legendary.nvim] Launching select UI
[Sat 13 May 17:55:28 2023][legendary.nvim] Took 0.466708 ms to filter items in context.
[Sat 13 May 17:55:28 2023][legendary.nvim] Config.sort.frecency is enabled, but sqlite is not available or database could not be opened, frecency is automatically disabled.
[Sat 13 May 17:55:28 2023][legendary.nvim] Launching select UI
[Sat 13 May 17:55:28 2023][legendary.nvim] setup() parsed and applied all configuration.
[Sat 13 May 17:50:52 2023][legendary.nvim] Took 1.053084 ms to filter items in context.
[Sat 13 May 17:50:52 2023][legendary.nvim] Config.sort.frecency is enabled, but sqlite is not available or database could not be opened, frecency is automatically disabled.
[Sat 13 May 17:50:52 2023][legendary.nvim] Launching select UI
[Sat 13 May 17:50:52 2023][legendary.nvim] setup() parsed and applied all configuration.
[Sat 13 May 17:50:20 2023][legendary.nvim] Preparing to execute selected item
[Sat 13 May 17:50:20 2023][legendary.nvim] Config.sort.frecency is enabled, but sqlite is not available or database could not be opened, frecency is automatically disabled.
[Sat 13 May 17:50:16 2023][legendary.nvim] Took 1.049125 ms to filter items in context.
[Sat 13 May 17:50:16 2023][legendary.nvim] Config.sort.frecency is enabled, but sqlite is not available or database could not be opened, frecency is automatically disabled.
[Sat 13 May 17:50:16 2023][legendary.nvim] Launching select UI
[Sat 13 May 17:50:16 2023][legendary.nvim] setup() parsed and applied all configuration.
[Sat 13 May 17:48:54 2023][legendary.nvim] Preparing to execute selected item
[Sat 13 May 17:48:54 2023][legendary.nvim] Config.sort.frecency is enabled, but sqlite is not available or database could not be opened, frecency is automatically disabled.
[Sat 13 May 17:48:53 2023][legendary.nvim] Took 1.725875 ms to filter items in context.
[Sat 13 May 17:48:53 2023][legendary.nvim] Config.sort.frecency is enabled, but sqlite is not available or database could not be opened, frecency is automatically disabled.
[Sat 13 May 17:48:53 2023][legendary.nvim] Launching select UI
[Sat 13 May 17:48:50 2023][legendary.nvim] Preparing to execute selected item
[Sat 13 May 17:48:50 2023][legendary.nvim] Config.sort.frecency is enabled, but sqlite is not available or database could not be opened, frecency is automatically disabled.
[Sat 13 May 17:48:46 2023][legendary.nvim] Took 0.779417 ms to filter items in context.
[Sat 13 May 17:48:46 2023][legendary.nvim] Config.sort.frecency is enabled, but sqlite is not available or database could not be opened, frecency is automatically disabled.
[Sat 13 May 17:48:46 2023][legendary.nvim] Launching select UI
[Sat 13 May 17:47:56 2023][legendary.nvim] Took 0.828291 ms to filter items in context.
[Sat 13 May 17:47:56 2023][legendary.nvim] Config.sort.frecency is enabled, but sqlite is not available or database could not be opened, frecency is automatically disabled.
[Sat 13 May 17:47:56 2023][legendary.nvim] Launching select UI
[Sat 13 May 17:47:56 2023][legendary.nvim] setup() parsed and applied all configuration.
[Sat 13 May 17:28:58 2023][legendary.nvim] Preparing to execute selected item
[Sat 13 May 17:28:58 2023][legendary.nvim] Config.sort.frecency is enabled, but sqlite is not available or database could not be opened, frecency is automatically disabled.
[Sat 13 May 17:28:54 2023][legendary.nvim] Took 1.584583 ms to filter items in context.
[Sat 13 May 17:28:54 2023][legendary.nvim] Config.sort.frecency is enabled, but sqlite is not available or database could not be opened, frecency is automatically disabled.
[Sat 13 May 17:28:54 2023][legendary.nvim] Launching select UI
[Sat 13 May 17:28:01 2023][legendary.nvim] Preparing to execute selected item
[Sat 13 May 17:28:01 2023][legendary.nvim] Config.sort.frecency is enabled, but sqlite is not available or database could not be opened, frecency is automatically disabled.
[Sat 13 May 17:27:47 2023][legendary.nvim] Took 1.4605 ms to filter items in context.
[Sat 13 May 17:27:47 2023][legendary.nvim] Config.sort.frecency is enabled, but sqlite is not available or database could not be opened, frecency is automatically disabled.
[Sat 13 May 17:27:47 2023][legendary.nvim] Launching select UI
[Sat 13 May 17:27:40 2023][legendary.nvim] Took 1.29375 ms to filter items in context.
[Sat 13 May 17:27:40 2023][legendary.nvim] Config.sort.frecency is enabled, but sqlite is not available or database could not be opened, frecency is automatically disabled.
[Sat 13 May 17:27:40 2023][legendary.nvim] Launching select UI
[Sat 13 May 17:27:32 2023][legendary.nvim] Took 2.617875 ms to filter items in context.
[Sat 13 May 17:27:32 2023][legendary.nvim] Config.sort.frecency is enabled, but sqlite is not available or database could not be opened, frecency is automatically disabled.
[Sat 13 May 17:27:32 2023][legendary.nvim] Launching select UI
[Sat 13 May 17:27:22 2023][legendary.nvim] Preparing to execute selected item
[Sat 13 May 17:27:22 2023][legendary.nvim] Config.sort.frecency is enabled, but sqlite is not available or database could not be opened, frecency is automatically disabled.
[Sat 13 May 17:27:05 2023][legendary.nvim] Took 1.271708 ms to filter items in context.
[Sat 13 May 17:27:05 2023][legendary.nvim] Config.sort.frecency is enabled, but sqlite is not available or database could not be opened, frecency is automatically disabled.
[Sat 13 May 17:27:05 2023][legendary.nvim] Launching select UI
[Sat 13 May 17:26:43 2023][legendary.nvim] Took 1.491708 ms to filter items in context.
[Sat 13 May 17:26:43 2023][legendary.nvim] Config.sort.frecency is enabled, but sqlite is not available or database could not be opened, frecency is automatically disabled.
[Sat 13 May 17:26:43 2023][legendary.nvim] Launching select UI
[Sat 13 May 17:26:14 2023][legendary.nvim] Took 1.273458 ms to filter items in context.
[Sat 13 May 17:26:14 2023][legendary.nvim] Config.sort.frecency is enabled, but sqlite is not available or database could not be opened, frecency is automatically disabled.
[Sat 13 May 17:26:14 2023][legendary.nvim] Launching select UI
[Sat 13 May 17:26:14 2023][legendary.nvim] setup() parsed and applied all configuration.